[35m[Appium][39m Welcome to Appium v2.5.0
[35m[Appium][39m Non-default server args:
[35m[Appium][39m { basePath: [32m'/wd/hub'[39m, loglevel: [32m'info'[39m, port: [33m58752[39m }
[35m[Appium][39m Attempting to load driver uiautomator2...
[Appium] Appium REST http interface listener started on http://0.0.0.0:58752/wd/hub
[Appium] You can provide the following URLs in your client code to connect to this server:
[Appium] 	http://127.0.0.1:58752/wd/hub (only accessible from the same host)
[Appium] 	http://172.16.213.168:58752/wd/hub
[Appium] Available drivers:
[Appium]   - uiautomator2@3.0.0 (automationName 'UiAutomator2')
[Appium] No plugins have been installed. Use the "appium plugin" command to install the one(s) you want to use.
[38;5;0m[HTTP][0m [37m-->[39m [37mGET[39m [37m/wd/hub/status[39m
[38;5;0m[HTTP][0m {}
[38;5;0m[HTTP][0m <-- GET /wd/hub/status 200 3 ms - 110
[38;5;0m[HTTP][0m 
[38;5;0m[HTTP][0m [37m-->[39m [37mGET[39m [37m/wd/hub/status[39m
[38;5;0m[HTTP][0m {}
[38;5;0m[HTTP][0m <-- GET /wd/hub/status 200 1 ms - 110
[38;5;0m[HTTP][0m 
[38;5;0m[HTTP][0m [37m-->[39m [37mPOST[39m [37m/wd/hub/session[39m
[38;5;0m[HTTP][0m {"desiredCapabilities":{"appium:systemPort":58763,"appium:newCommandTimeout":1800,"appium:automationName":"uiautomator2","appium:fullReset":false,"appium:platformVersion":"14","appium:noReset":true,"appium:udid":"emulator-5554","appium:autoGrantPermissions":true,"appium:platformName":"ANDROID","appium:deviceName":"emulator-5554 (sdk_gphone64_arm64 - Android 14)","platformName":"Android","appium:app":"/Users/jalu/Downloads/Solodroid_E-CommerceApp Demo_3.2.0.apk"},"capabilities":{"firstMatch":[{"appium:app":"/Users/jalu/Downloads/Solodroid_E-CommerceApp Demo_3.2.0.apk","appium:autoGrantPermissions":true,"appium:automationName":"uiautomator2","appium:deviceName":"emulator-5554 (sdk_gphone64_arm64 - Android 14)","appium:fullReset":false,"appium:newCommandTimeout":1800,"appium:noReset":true,"appium:platformName":"ANDROID","appium:platformVersion":"14","appium:systemPort":58763,"appium:udid":"emulator-5554","platformName":"android"}]}}
[38;5;32m[BaseDriver][0m Ignoring capability 'appium:platformName=ANDROID' and using capability 'platformName=android'
[38;5;32m[BaseDriver][0m The capabilities ["platformName"] are standard capabilities and do not require "appium:" prefix
[Appium] Attempting to find matching driver for automationName 'uiautomator2' and platformName 'android'
[Appium] The 'uiautomator2' driver was installed and matched caps.
[Appium] Will require it at /Users/jalu/.appium/node_modules/appium-uiautomator2-driver
[38;5;16m[AppiumDriver@7e69][0m Appium v2.5.0 creating new AndroidUiautomator2Driver (v3.0.0) session
[38;5;16m[AppiumDriver@7e69][0m Checking BaseDriver versions for Appium and AndroidUiautomator2Driver
[38;5;16m[AppiumDriver@7e69][0m Appium's BaseDriver version is 9.5.1
[38;5;16m[AppiumDriver@7e69][0m AndroidUiautomator2Driver's BaseDriver version is 9.5.1
[38;5;48m[AndroidUiautomator2Driver@c507 (bf79b7ed)][0m Session created with session id: bf79b7ed-ad9d-46f6-9e18-c411d28a00d0
[38;5;64m[ADB][0m Found 1 'build-tools' folders under '/Users/jalu/.katalon/tools/android_sdk' (newest first):
[38;5;64m[ADB][0m     /Users/jalu/.katalon/tools/android_sdk/build-tools/29.0.3
[38;5;64m[ADB][0m Using 'adb' from '/Users/jalu/.katalon/tools/android_sdk/platform-tools/adb'
[38;5;48m[AndroidUiautomator2Driver@c507 (bf79b7ed)][0m Retrieving device list
[38;5;48m[AndroidUiautomator2Driver@c507 (bf79b7ed)][0m Using device: emulator-5554
[38;5;64m[ADB][0m Using 'adb' from '/Users/jalu/.katalon/tools/android_sdk/platform-tools/adb'
[38;5;32m[BaseDriver][0m Using local app '/Users/jalu/Downloads/Solodroid_E-CommerceApp Demo_3.2.0.apk'
[38;5;64m[ADB][0m Getting device platform version
[38;5;48m[AndroidUiautomator2Driver@c507 (bf79b7ed)][0m Relaxing hidden api policy
[38;5;64m[ADB][0m Package name: 'com.solodroid.solomerce'
[38;5;64m[ADB][0m Main activity name: 'com.solodroid.solomerce.activities.ActivitySplash'
[38;5;64m[ADB][0m Using 'apksigner.jar' from '/Users/jalu/.katalon/tools/android_sdk/build-tools/29.0.3/lib/apksigner.jar'
[38;5;64m[ADB][0m '/Users/jalu/.appium/node_modules/appium-uiautomator2-driver/node_modules/appium-uiautomator2-server/apks/appium-uiautomator2-server-debug-androidTest.apk' is signed with the default certificate
[38;5;64m[ADB][0m '/Users/jalu/.appium/node_modules/appium-uiautomator2-driver/node_modules/appium-uiautomator2-server/apks/appium-uiautomator2-server-v7.0.0.apk' is signed with the default certificate
[38;5;64m[ADB][0m '/Users/jalu/Downloads/Solodroid_E-CommerceApp Demo_3.2.0.apk' is signed with a non-default certificate
[38;5;64m[ADB][0m The application at '/Users/jalu/Downloads/Solodroid_E-CommerceApp Demo_3.2.0.apk' will not be cached, because the device under test has confirmed the support of streamed installs
[38;5;48m[AndroidUiautomator2Driver@c507 (bf79b7ed)][0m Server packages are not going to be (re)installed
[38;5;64m[ADB][0m Adding packages ["io.appium.settings","io.appium.uiautomator2.server","io.appium.uiautomator2.server.test"] to Doze whitelist
[38;5;64m[ADB][0m The installation of 'Solodroid_E-CommerceApp Demo_3.2.0.apk' took 15153ms
[38;5;48m[AndroidUiautomator2Driver@c507 (bf79b7ed)][0m Starting UIAutomator2 server 7.0.0
[38;5;48m[AndroidUiautomator2Driver@c507 (bf79b7ed)][0m Using UIAutomator2 server from '/Users/jalu/.appium/node_modules/appium-uiautomator2-driver/node_modules/appium-uiautomator2-server/apks/appium-uiautomator2-server-v7.0.0.apk' and test from '/Users/jalu/.appium/node_modules/appium-uiautomator2-driver/node_modules/appium-uiautomator2-server/apks/appium-uiautomator2-server-debug-androidTest.apk'
[38;5;48m[AndroidUiautomator2Driver@c507 (bf79b7ed)][0m Waiting up to 30000ms for UiAutomator2 to be online...
[38;5;48m[AndroidUiautomator2Driver@c507 (bf79b7ed)][0m socket hang up
[38;5;48m[AndroidUiautomator2Driver@c507 (bf79b7ed)][0m socket hang up
[38;5;48m[AndroidUiautomator2Driver@c507 (bf79b7ed)][0m socket hang up
[38;5;48m[AndroidUiautomator2Driver@c507 (bf79b7ed)][0m socket hang up
[38;5;48m[AndroidUiautomator2Driver@c507 (bf79b7ed)][0m socket hang up
[38;5;48m[AndroidUiautomator2Driver@c507 (bf79b7ed)][0m socket hang up
[38;5;48m[AndroidUiautomator2Driver@c507 (bf79b7ed)][0m socket hang up
[38;5;48m[AndroidUiautomator2Driver@c507 (bf79b7ed)][0m socket hang up
[38;5;48m[AndroidUiautomator2Driver@c507 (bf79b7ed)][0m Determined the downstream protocol as 'W3C'
[38;5;48m[AndroidUiautomator2Driver@c507 (bf79b7ed)][0m Screen already unlocked, doing nothing
[38;5;48m[AndroidUiautomator2Driver@c507 (bf79b7ed)][0m Starting 'com.solodroid.solomerce/com.solodroid.solomerce.activities.ActivitySplash and waiting for 'com.solodroid.solomerce/com.solodroid.solomerce.activities.ActivitySplash'
[38;5;16m[AppiumDriver@7e69][0m New AndroidUiautomator2Driver session created successfully, session bf79b7ed-ad9d-46f6-9e18-c411d28a00d0 added to master session list
[38;5;0m[HTTP][0m <-- POST /wd/hub/session 200 31327 ms - 1242
[38;5;0m[HTTP][0m 
[38;5;0m[HTTP][0m [37m-->[39m [37mGET[39m [37m/wd/hub/session/bf79b7ed-ad9d-46f6-9e18-c411d28a00d0[39m
[38;5;0m[HTTP][0m {}
[38;5;0m[HTTP][0m <-- GET /wd/hub/session/bf79b7ed-ad9d-46f6-9e18-c411d28a00d0 200 128 ms - 373
[38;5;0m[HTTP][0m 
[38;5;0m[HTTP][0m [37m-->[39m [37mGET[39m [37m/wd/hub/session/bf79b7ed-ad9d-46f6-9e18-c411d28a00d0[39m
[38;5;0m[HTTP][0m {}
[38;5;0m[HTTP][0m <-- GET /wd/hub/session/bf79b7ed-ad9d-46f6-9e18-c411d28a00d0 200 24 ms - 373
[38;5;0m[HTTP][0m 
[38;5;0m[HTTP][0m [37m-->[39m [37mGET[39m [37m/wd/hub/status[39m
[38;5;0m[HTTP][0m {}
[38;5;0m[HTTP][0m <-- GET /wd/hub/status 200 1 ms - 110
[38;5;0m[HTTP][0m 
[38;5;0m[HTTP][0m [37m-->[39m [37mPOST[39m [37m/wd/hub/session/bf79b7ed-ad9d-46f6-9e18-c411d28a00d0/timeouts[39m
[38;5;0m[HTTP][0m {"implicit":60000}
[38;5;0m[HTTP][0m <-- POST /wd/hub/session/bf79b7ed-ad9d-46f6-9e18-c411d28a00d0/timeouts 200 2 ms - 14
[38;5;0m[HTTP][0m 
[38;5;0m[HTTP][0m [37m-->[39m [37mGET[39m [37m/wd/hub/session/bf79b7ed-ad9d-46f6-9e18-c411d28a00d0/source[39m
[38;5;0m[HTTP][0m {}
[38;5;48m[AndroidUiautomator2Driver@c507 (bf79b7ed)][0m Driver proxy active, passing request on via HTTP proxy
[38;5;48m[AndroidUiautomator2Driver@c507 (bf79b7ed)][0m Replacing sessionId 68447af7-2f55-4e53-ba1f-9dd85293de29 with bf79b7ed-ad9d-46f6-9e18-c411d28a00d0
[38;5;0m[HTTP][0m <-- GET /wd/hub/session/bf79b7ed-ad9d-46f6-9e18-c411d28a00d0/source 200 2073 ms - 3646
[38;5;0m[HTTP][0m 
[38;5;0m[HTTP][0m [37m-->[39m [37mGET[39m [37m/wd/hub/session/bf79b7ed-ad9d-46f6-9e18-c411d28a00d0/screenshot[39m
[38;5;0m[HTTP][0m {}
[38;5;0m[HTTP][0m <-- GET /wd/hub/session/bf79b7ed-ad9d-46f6-9e18-c411d28a00d0/screenshot 200 1241 ms - 319408
[38;5;0m[HTTP][0m 
[38;5;0m[HTTP][0m [37m-->[39m [37mGET[39m [37m/wd/hub/session/bf79b7ed-ad9d-46f6-9e18-c411d28a00d0/source[39m
[38;5;0m[HTTP][0m {}
[38;5;48m[AndroidUiautomator2Driver@c507 (bf79b7ed)][0m Driver proxy active, passing request on via HTTP proxy
[38;5;48m[AndroidUiautomator2Driver@c507 (bf79b7ed)][0m Replacing sessionId 68447af7-2f55-4e53-ba1f-9dd85293de29 with bf79b7ed-ad9d-46f6-9e18-c411d28a00d0
[38;5;0m[HTTP][0m <-- GET /wd/hub/session/bf79b7ed-ad9d-46f6-9e18-c411d28a00d0/source 200 749 ms - 34524
[38;5;0m[HTTP][0m 
[38;5;0m[HTTP][0m [37m-->[39m [37mGET[39m [37m/wd/hub/session/bf79b7ed-ad9d-46f6-9e18-c411d28a00d0/screenshot[39m
[38;5;0m[HTTP][0m {}
[38;5;0m[HTTP][0m <-- GET /wd/hub/session/bf79b7ed-ad9d-46f6-9e18-c411d28a00d0/screenshot 200 600 ms - 1564304
[38;5;0m[HTTP][0m 
[38;5;0m[HTTP][0m [37m-->[39m [37mGET[39m [37m/wd/hub/session/bf79b7ed-ad9d-46f6-9e18-c411d28a00d0/source[39m
[38;5;0m[HTTP][0m {}
[38;5;48m[AndroidUiautomator2Driver@c507 (bf79b7ed)][0m Driver proxy active, passing request on via HTTP proxy
[38;5;48m[AndroidUiautomator2Driver@c507 (bf79b7ed)][0m Replacing sessionId 68447af7-2f55-4e53-ba1f-9dd85293de29 with bf79b7ed-ad9d-46f6-9e18-c411d28a00d0
[38;5;0m[HTTP][0m <-- GET /wd/hub/session/bf79b7ed-ad9d-46f6-9e18-c411d28a00d0/source 200 515 ms - 34524
[38;5;0m[HTTP][0m 
[38;5;0m[HTTP][0m [37m-->[39m [37mGET[39m [37m/wd/hub/session/bf79b7ed-ad9d-46f6-9e18-c411d28a00d0/screenshot[39m
[38;5;0m[HTTP][0m {}
[38;5;0m[HTTP][0m <-- GET /wd/hub/session/bf79b7ed-ad9d-46f6-9e18-c411d28a00d0/screenshot 200 554 ms - 1564284
[38;5;0m[HTTP][0m 
[38;5;0m[HTTP][0m [37m-->[39m [37mGET[39m [37m/wd/hub/session/bf79b7ed-ad9d-46f6-9e18-c411d28a00d0/window/rect[39m
[38;5;0m[HTTP][0m {}
[38;5;0m[HTTP][0m <-- GET /wd/hub/session/bf79b7ed-ad9d-46f6-9e18-c411d28a00d0/window/rect 200 19 ms - 50
[38;5;0m[HTTP][0m 
[38;5;0m[HTTP][0m [37m-->[39m [37mPOST[39m [37m/wd/hub/session/bf79b7ed-ad9d-46f6-9e18-c411d28a00d0/elements[39m
[38;5;0m[HTTP][0m {"using":"xpath","value":"//hierarchy/android.widget.FrameLayout[1]/android.widget.LinearLayout[1]/android.widget.FrameLayout[1]/android.widget.LinearLayout[1]/android.widget.FrameLayout[1]/android.widget.RelativeLayout[1]/android.view.ViewGroup[1]/androidx.viewpager.widget.ViewPager[1]/android.widget.LinearLayout[1]/android.view.ViewGroup[1]/androidx.recyclerview.widget.RecyclerView[1]/android.widget.FrameLayout[1]/android.widget.RelativeLayout[1]/android.view.ViewGroup[1]/android.widget.ImageView[1]"}
[38;5;0m[HTTP][0m <-- POST /wd/hub/session/bf79b7ed-ad9d-46f6-9e18-c411d28a00d0/elements 200 388 ms - 139
[38;5;0m[HTTP][0m 
[38;5;0m[HTTP][0m [37m-->[39m [37mGET[39m [37m/wd/hub/session/bf79b7ed-ad9d-46f6-9e18-c411d28a00d0/element/00000000-0000-0073-ffff-ffff00000074/location[39m
[38;5;0m[HTTP][0m {}
[38;5;48m[AndroidUiautomator2Driver@c507 (bf79b7ed)][0m Driver proxy active, passing request on via HTTP proxy
[38;5;48m[AndroidUiautomator2Driver@c507 (bf79b7ed)][0m Replacing sessionId 68447af7-2f55-4e53-ba1f-9dd85293de29 with bf79b7ed-ad9d-46f6-9e18-c411d28a00d0
[38;5;0m[HTTP][0m <-- GET /wd/hub/session/bf79b7ed-ad9d-46f6-9e18-c411d28a00d0/element/00000000-0000-0073-ffff-ffff00000074/location 200 9 ms - 77
[38;5;0m[HTTP][0m 
[38;5;0m[HTTP][0m [37m-->[39m [37mPOST[39m [37m/wd/hub/session/bf79b7ed-ad9d-46f6-9e18-c411d28a00d0/element/00000000-0000-0073-ffff-ffff00000074/click[39m
[38;5;0m[HTTP][0m {"id":"00000000-0000-0073-ffff-ffff00000074"}
[38;5;0m[HTTP][0m <-- POST /wd/hub/session/bf79b7ed-ad9d-46f6-9e18-c411d28a00d0/element/00000000-0000-0073-ffff-ffff00000074/click 200 1070 ms - 14
[38;5;0m[HTTP][0m 
[38;5;0m[HTTP][0m [37m-->[39m [37mGET[39m [37m/wd/hub/session/bf79b7ed-ad9d-46f6-9e18-c411d28a00d0/source[39m
[38;5;0m[HTTP][0m {}
[38;5;48m[AndroidUiautomator2Driver@c507 (bf79b7ed)][0m Driver proxy active, passing request on via HTTP proxy
[38;5;48m[AndroidUiautomator2Driver@c507 (bf79b7ed)][0m Replacing sessionId 68447af7-2f55-4e53-ba1f-9dd85293de29 with bf79b7ed-ad9d-46f6-9e18-c411d28a00d0
[38;5;0m[HTTP][0m <-- GET /wd/hub/session/bf79b7ed-ad9d-46f6-9e18-c411d28a00d0/source 200 1104 ms - 17750
[38;5;0m[HTTP][0m 
[38;5;0m[HTTP][0m [37m-->[39m [37mGET[39m [37m/wd/hub/session/bf79b7ed-ad9d-46f6-9e18-c411d28a00d0/screenshot[39m
[38;5;0m[HTTP][0m {}
[38;5;0m[HTTP][0m <-- GET /wd/hub/session/bf79b7ed-ad9d-46f6-9e18-c411d28a00d0/screenshot 200 555 ms - 1338632
[38;5;0m[HTTP][0m 
[38;5;0m[HTTP][0m [37m-->[39m [37mGET[39m [37m/wd/hub/session/bf79b7ed-ad9d-46f6-9e18-c411d28a00d0/window/rect[39m
[38;5;0m[HTTP][0m {}
[38;5;0m[HTTP][0m <-- GET /wd/hub/session/bf79b7ed-ad9d-46f6-9e18-c411d28a00d0/window/rect 200 21 ms - 50
[38;5;0m[HTTP][0m 
[38;5;0m[HTTP][0m [37m-->[39m [37mPOST[39m [37m/wd/hub/session/bf79b7ed-ad9d-46f6-9e18-c411d28a00d0/elements[39m
[38;5;0m[HTTP][0m {"using":"xpath","value":"//*[@class = 'android.widget.Button' and (@text = 'ADD TO CART' or . = 'ADD TO CART') and @resource-id = 'com.solodroid.solomerce:id/btn_add_cart']"}
[38;5;0m[HTTP][0m <-- POST /wd/hub/session/bf79b7ed-ad9d-46f6-9e18-c411d28a00d0/elements 200 96 ms - 139
[38;5;0m[HTTP][0m 
[38;5;0m[HTTP][0m [37m-->[39m [37mGET[39m [37m/wd/hub/session/bf79b7ed-ad9d-46f6-9e18-c411d28a00d0/element/00000000-0000-0074-ffff-ffff000000dc/location[39m
[38;5;0m[HTTP][0m {}
[38;5;48m[AndroidUiautomator2Driver@c507 (bf79b7ed)][0m Driver proxy active, passing request on via HTTP proxy
[38;5;48m[AndroidUiautomator2Driver@c507 (bf79b7ed)][0m Replacing sessionId 68447af7-2f55-4e53-ba1f-9dd85293de29 with bf79b7ed-ad9d-46f6-9e18-c411d28a00d0
[38;5;0m[HTTP][0m <-- GET /wd/hub/session/bf79b7ed-ad9d-46f6-9e18-c411d28a00d0/element/00000000-0000-0074-ffff-ffff000000dc/location 200 9 ms - 77
[38;5;0m[HTTP][0m 
[38;5;0m[HTTP][0m [37m-->[39m [37mPOST[39m [37m/wd/hub/session/bf79b7ed-ad9d-46f6-9e18-c411d28a00d0/element/00000000-0000-0074-ffff-ffff000000dc/click[39m
[38;5;0m[HTTP][0m {"id":"00000000-0000-0074-ffff-ffff000000dc"}
[38;5;0m[HTTP][0m <-- POST /wd/hub/session/bf79b7ed-ad9d-46f6-9e18-c411d28a00d0/element/00000000-0000-0074-ffff-ffff000000dc/click 200 81 ms - 14
[38;5;0m[HTTP][0m 
[38;5;0m[HTTP][0m [37m-->[39m [37mGET[39m [37m/wd/hub/session/bf79b7ed-ad9d-46f6-9e18-c411d28a00d0/source[39m
[38;5;0m[HTTP][0m {}
[38;5;48m[AndroidUiautomator2Driver@c507 (bf79b7ed)][0m Driver proxy active, passing request on via HTTP proxy
[38;5;48m[AndroidUiautomator2Driver@c507 (bf79b7ed)][0m Replacing sessionId 68447af7-2f55-4e53-ba1f-9dd85293de29 with bf79b7ed-ad9d-46f6-9e18-c411d28a00d0
[38;5;0m[HTTP][0m <-- GET /wd/hub/session/bf79b7ed-ad9d-46f6-9e18-c411d28a00d0/source 200 757 ms - 6060
[38;5;0m[HTTP][0m 
[38;5;0m[HTTP][0m [37m-->[39m [37mGET[39m [37m/wd/hub/session/bf79b7ed-ad9d-46f6-9e18-c411d28a00d0/screenshot[39m
[38;5;0m[HTTP][0m {}
[38;5;0m[HTTP][0m <-- GET /wd/hub/session/bf79b7ed-ad9d-46f6-9e18-c411d28a00d0/screenshot 200 473 ms - 847388
[38;5;0m[HTTP][0m 
[38;5;0m[HTTP][0m [37m-->[39m [37mPOST[39m [37m/wd/hub/session/bf79b7ed-ad9d-46f6-9e18-c411d28a00d0/elements[39m
[38;5;0m[HTTP][0m {"using":"xpath","value":"//*[@class = 'android.widget.EditText' and @resource-id = 'com.solodroid.solomerce:id/userInputDialog' and (@text = '' or . = '')]"}
[38;5;0m[HTTP][0m <-- POST /wd/hub/session/bf79b7ed-ad9d-46f6-9e18-c411d28a00d0/elements 200 77 ms - 139
[38;5;0m[HTTP][0m 
[38;5;0m[HTTP][0m [37m-->[39m [37mGET[39m [37m/wd/hub/session/bf79b7ed-ad9d-46f6-9e18-c411d28a00d0/window/rect[39m
[38;5;0m[HTTP][0m {}
[38;5;0m[HTTP][0m <-- GET /wd/hub/session/bf79b7ed-ad9d-46f6-9e18-c411d28a00d0/window/rect 200 6 ms - 50
[38;5;0m[HTTP][0m 
[38;5;0m[HTTP][0m [37m-->[39m [37mPOST[39m [37m/wd/hub/session/bf79b7ed-ad9d-46f6-9e18-c411d28a00d0/elements[39m
[38;5;0m[HTTP][0m {"using":"xpath","value":"//*[@class = 'android.widget.EditText' and @resource-id = 'com.solodroid.solomerce:id/userInputDialog' and (@text = '' or . = '')]"}
[38;5;0m[HTTP][0m <-- POST /wd/hub/session/bf79b7ed-ad9d-46f6-9e18-c411d28a00d0/elements 200 39 ms - 139
[38;5;0m[HTTP][0m 
[38;5;0m[HTTP][0m [37m-->[39m [37mGET[39m [37m/wd/hub/session/bf79b7ed-ad9d-46f6-9e18-c411d28a00d0/element/00000000-0000-0075-ffff-ffff000000f5/location[39m
[38;5;0m[HTTP][0m {}
[38;5;48m[AndroidUiautomator2Driver@c507 (bf79b7ed)][0m Driver proxy active, passing request on via HTTP proxy
[38;5;48m[AndroidUiautomator2Driver@c507 (bf79b7ed)][0m Replacing sessionId 68447af7-2f55-4e53-ba1f-9dd85293de29 with bf79b7ed-ad9d-46f6-9e18-c411d28a00d0
[38;5;0m[HTTP][0m <-- GET /wd/hub/session/bf79b7ed-ad9d-46f6-9e18-c411d28a00d0/element/00000000-0000-0075-ffff-ffff000000f5/location 200 5 ms - 79
[38;5;0m[HTTP][0m 
[38;5;0m[HTTP][0m [37m-->[39m [37mPOST[39m [37m/wd/hub/session/bf79b7ed-ad9d-46f6-9e18-c411d28a00d0/element/00000000-0000-0075-ffff-ffff000000f5/click[39m
[38;5;0m[HTTP][0m {"id":"00000000-0000-0075-ffff-ffff000000f5"}
[38;5;0m[HTTP][0m <-- POST /wd/hub/session/bf79b7ed-ad9d-46f6-9e18-c411d28a00d0/element/00000000-0000-0075-ffff-ffff000000f5/click 200 69 ms - 14
[38;5;0m[HTTP][0m 
[38;5;0m[HTTP][0m [37m-->[39m [37mGET[39m [37m/wd/hub/session/bf79b7ed-ad9d-46f6-9e18-c411d28a00d0/source[39m
[38;5;0m[HTTP][0m {}
[38;5;48m[AndroidUiautomator2Driver@c507 (bf79b7ed)][0m Driver proxy active, passing request on via HTTP proxy
[38;5;48m[AndroidUiautomator2Driver@c507 (bf79b7ed)][0m Replacing sessionId 68447af7-2f55-4e53-ba1f-9dd85293de29 with bf79b7ed-ad9d-46f6-9e18-c411d28a00d0
[38;5;0m[HTTP][0m <-- GET /wd/hub/session/bf79b7ed-ad9d-46f6-9e18-c411d28a00d0/source 200 670 ms - 6049
[38;5;0m[HTTP][0m 
[38;5;0m[HTTP][0m [37m-->[39m [37mGET[39m [37m/wd/hub/session/bf79b7ed-ad9d-46f6-9e18-c411d28a00d0/screenshot[39m
[38;5;0m[HTTP][0m {}
[38;5;0m[HTTP][0m <-- GET /wd/hub/session/bf79b7ed-ad9d-46f6-9e18-c411d28a00d0/screenshot 200 423 ms - 611420
[38;5;0m[HTTP][0m 
[38;5;0m[HTTP][0m [37m-->[39m [37mPOST[39m [37m/wd/hub/session/bf79b7ed-ad9d-46f6-9e18-c411d28a00d0/elements[39m
[38;5;0m[HTTP][0m {"using":"xpath","value":"//*[@class = 'hierarchy']"}
[38;5;0m[HTTP][0m <-- POST /wd/hub/session/bf79b7ed-ad9d-46f6-9e18-c411d28a00d0/elements 200 60054 ms - 12
[38;5;0m[HTTP][0m 
[38;5;0m[HTTP][0m [37m-->[39m [37mPOST[39m [37m/wd/hub/session/bf79b7ed-ad9d-46f6-9e18-c411d28a00d0/elements[39m
[38;5;0m[HTTP][0m {"using":"-android uiautomator","value":"new UiSelector().className(\"hierarchy\")"}
[38;5;0m[HTTP][0m <-- POST /wd/hub/session/bf79b7ed-ad9d-46f6-9e18-c411d28a00d0/elements 200 60116 ms - 12
[38;5;0m[HTTP][0m 
[38;5;0m[HTTP][0m [37m-->[39m [37mGET[39m [37m/wd/hub/session/bf79b7ed-ad9d-46f6-9e18-c411d28a00d0/window/rect[39m
[38;5;0m[HTTP][0m {}
[38;5;0m[HTTP][0m <-- GET /wd/hub/session/bf79b7ed-ad9d-46f6-9e18-c411d28a00d0/window/rect 200 25 ms - 50
[38;5;0m[HTTP][0m 
[38;5;0m[HTTP][0m [37m-->[39m [37mPOST[39m [37m/wd/hub/session/bf79b7ed-ad9d-46f6-9e18-c411d28a00d0/elements[39m
[38;5;0m[HTTP][0m {"using":"xpath","value":"//hierarchy"}
[38;5;0m[HTTP][0m <-- POST /wd/hub/session/bf79b7ed-ad9d-46f6-9e18-c411d28a00d0/elements 200 60130 ms - 12
[38;5;0m[HTTP][0m 
[38;5;0m[HTTP][0m [37m-->[39m [37mGET[39m [37m/wd/hub/session/bf79b7ed-ad9d-46f6-9e18-c411d28a00d0/window/rect[39m
[38;5;0m[HTTP][0m {}
[38;5;0m[HTTP][0m <-- GET /wd/hub/session/bf79b7ed-ad9d-46f6-9e18-c411d28a00d0/window/rect 200 17 ms - 50
[38;5;0m[HTTP][0m 
[38;5;0m[HTTP][0m [37m-->[39m [37mPOST[39m [37m/wd/hub/session/bf79b7ed-ad9d-46f6-9e18-c411d28a00d0/elements[39m
[38;5;0m[HTTP][0m {"using":"xpath","value":"//*[@class = 'android.widget.EditText' and @resource-id = 'com.solodroid.solomerce:id/userInputDialog' and (@text = '' or . = '')]"}
[38;5;0m[HTTP][0m <-- POST /wd/hub/session/bf79b7ed-ad9d-46f6-9e18-c411d28a00d0/elements 200 144 ms - 139
[38;5;0m[HTTP][0m 
[38;5;0m[HTTP][0m [37m-->[39m [37mGET[39m [37m/wd/hub/session/bf79b7ed-ad9d-46f6-9e18-c411d28a00d0/element/00000000-0000-0075-ffff-ffff000000f5/location[39m
[38;5;0m[HTTP][0m {}
[38;5;48m[AndroidUiautomator2Driver@c507 (bf79b7ed)][0m Driver proxy active, passing request on via HTTP proxy
[38;5;48m[AndroidUiautomator2Driver@c507 (bf79b7ed)][0m Replacing sessionId 68447af7-2f55-4e53-ba1f-9dd85293de29 with bf79b7ed-ad9d-46f6-9e18-c411d28a00d0
[38;5;0m[HTTP][0m <-- GET /wd/hub/session/bf79b7ed-ad9d-46f6-9e18-c411d28a00d0/element/00000000-0000-0075-ffff-ffff000000f5/location 200 38 ms - 78
[38;5;0m[HTTP][0m 
[38;5;0m[HTTP][0m [37m-->[39m [37mPOST[39m [37m/wd/hub/session/bf79b7ed-ad9d-46f6-9e18-c411d28a00d0/element/00000000-0000-0075-ffff-ffff000000f5/clear[39m
[38;5;0m[HTTP][0m {"id":"00000000-0000-0075-ffff-ffff000000f5"}
[38;5;0m[HTTP][0m <-- POST /wd/hub/session/bf79b7ed-ad9d-46f6-9e18-c411d28a00d0/element/00000000-0000-0075-ffff-ffff000000f5/clear 200 36 ms - 14
[38;5;0m[HTTP][0m 
[38;5;0m[HTTP][0m [37m-->[39m [37mPOST[39m [37m/wd/hub/session/bf79b7ed-ad9d-46f6-9e18-c411d28a00d0/element/00000000-0000-0075-ffff-ffff000000f5/click[39m
[38;5;0m[HTTP][0m {"id":"00000000-0000-0075-ffff-ffff000000f5"}
[38;5;0m[HTTP][0m <-- POST /wd/hub/session/bf79b7ed-ad9d-46f6-9e18-c411d28a00d0/element/00000000-0000-0075-ffff-ffff000000f5/click 200 791 ms - 14
[38;5;0m[HTTP][0m 
[38;5;0m[HTTP][0m [37m-->[39m [37mPOST[39m [37m/wd/hub/session/bf79b7ed-ad9d-46f6-9e18-c411d28a00d0/element/00000000-0000-0075-ffff-ffff000000f5/value[39m
[38;5;0m[HTTP][0m {"id":"00000000-0000-0075-ffff-ffff000000f5","text":"2","value":["2"]}
[38;5;0m[HTTP][0m <-- POST /wd/hub/session/bf79b7ed-ad9d-46f6-9e18-c411d28a00d0/element/00000000-0000-0075-ffff-ffff000000f5/value 200 524 ms - 14
[38;5;0m[HTTP][0m 
[38;5;0m[HTTP][0m [37m-->[39m [37mGET[39m [37m/wd/hub/session/bf79b7ed-ad9d-46f6-9e18-c411d28a00d0/source[39m
[38;5;0m[HTTP][0m {}
[38;5;48m[AndroidUiautomator2Driver@c507 (bf79b7ed)][0m Driver proxy active, passing request on via HTTP proxy
[38;5;48m[AndroidUiautomator2Driver@c507 (bf79b7ed)][0m Replacing sessionId 68447af7-2f55-4e53-ba1f-9dd85293de29 with bf79b7ed-ad9d-46f6-9e18-c411d28a00d0
[38;5;0m[HTTP][0m <-- GET /wd/hub/session/bf79b7ed-ad9d-46f6-9e18-c411d28a00d0/source 200 139 ms - 6050
[38;5;0m[HTTP][0m 
[38;5;0m[HTTP][0m [37m-->[39m [37mGET[39m [37m/wd/hub/session/bf79b7ed-ad9d-46f6-9e18-c411d28a00d0/screenshot[39m
[38;5;0m[HTTP][0m {}
[38;5;0m[HTTP][0m <-- GET /wd/hub/session/bf79b7ed-ad9d-46f6-9e18-c411d28a00d0/screenshot 200 1194 ms - 613872
[38;5;0m[HTTP][0m 
[38;5;0m[HTTP][0m [37m-->[39m [37mPOST[39m [37m/wd/hub/session/bf79b7ed-ad9d-46f6-9e18-c411d28a00d0/elements[39m
[38;5;0m[HTTP][0m {"using":"xpath","value":"//*[@class = 'android.widget.Button' and (@text = 'ADD' or . = 'ADD') and @resource-id = 'android:id/button1']"}
[38;5;0m[HTTP][0m <-- POST /wd/hub/session/bf79b7ed-ad9d-46f6-9e18-c411d28a00d0/elements 200 201 ms - 139
[38;5;0m[HTTP][0m 
[38;5;0m[HTTP][0m [37m-->[39m [37mGET[39m [37m/wd/hub/session/bf79b7ed-ad9d-46f6-9e18-c411d28a00d0/window/rect[39m
[38;5;0m[HTTP][0m {}
[38;5;0m[HTTP][0m <-- GET /wd/hub/session/bf79b7ed-ad9d-46f6-9e18-c411d28a00d0/window/rect 200 15 ms - 50
[38;5;0m[HTTP][0m 
[38;5;0m[HTTP][0m [37m-->[39m [37mPOST[39m [37m/wd/hub/session/bf79b7ed-ad9d-46f6-9e18-c411d28a00d0/elements[39m
[38;5;0m[HTTP][0m {"using":"xpath","value":"//*[@class = 'android.widget.Button' and (@text = 'ADD' or . = 'ADD') and @resource-id = 'android:id/button1']"}
[38;5;0m[HTTP][0m <-- POST /wd/hub/session/bf79b7ed-ad9d-46f6-9e18-c411d28a00d0/elements 200 148 ms - 139
[38;5;0m[HTTP][0m 
[38;5;0m[HTTP][0m [37m-->[39m [37mGET[39m [37m/wd/hub/session/bf79b7ed-ad9d-46f6-9e18-c411d28a00d0/element/00000000-0000-0075-ffff-ffff000000fb/location[39m
[38;5;0m[HTTP][0m {}
[38;5;48m[AndroidUiautomator2Driver@c507 (bf79b7ed)][0m Driver proxy active, passing request on via HTTP proxy
[38;5;48m[AndroidUiautomator2Driver@c507 (bf79b7ed)][0m Replacing sessionId 68447af7-2f55-4e53-ba1f-9dd85293de29 with bf79b7ed-ad9d-46f6-9e18-c411d28a00d0
[38;5;0m[HTTP][0m <-- GET /wd/hub/session/bf79b7ed-ad9d-46f6-9e18-c411d28a00d0/element/00000000-0000-0075-ffff-ffff000000fb/location 200 37 ms - 78
[38;5;0m[HTTP][0m 
[38;5;0m[HTTP][0m [37m-->[39m [37mPOST[39m [37m/wd/hub/session/bf79b7ed-ad9d-46f6-9e18-c411d28a00d0/element/00000000-0000-0075-ffff-ffff000000fb/click[39m
[38;5;0m[HTTP][0m {"id":"00000000-0000-0075-ffff-ffff000000fb"}
[38;5;0m[HTTP][0m <-- POST /wd/hub/session/bf79b7ed-ad9d-46f6-9e18-c411d28a00d0/element/00000000-0000-0075-ffff-ffff000000fb/click 200 135 ms - 14
[38;5;0m[HTTP][0m 
[38;5;0m[HTTP][0m [37m-->[39m [37mGET[39m [37m/wd/hub/session/bf79b7ed-ad9d-46f6-9e18-c411d28a00d0/source[39m
[38;5;0m[HTTP][0m {}
[38;5;48m[AndroidUiautomator2Driver@c507 (bf79b7ed)][0m Driver proxy active, passing request on via HTTP proxy
[38;5;48m[AndroidUiautomator2Driver@c507 (bf79b7ed)][0m Replacing sessionId 68447af7-2f55-4e53-ba1f-9dd85293de29 with bf79b7ed-ad9d-46f6-9e18-c411d28a00d0
[38;5;0m[HTTP][0m <-- GET /wd/hub/session/bf79b7ed-ad9d-46f6-9e18-c411d28a00d0/source 200 317 ms - 18069
[38;5;0m[HTTP][0m 
[38;5;0m[HTTP][0m [37m-->[39m [37mGET[39m [37m/wd/hub/session/bf79b7ed-ad9d-46f6-9e18-c411d28a00d0/screenshot[39m
[38;5;0m[HTTP][0m {}
[38;5;0m[HTTP][0m <-- GET /wd/hub/session/bf79b7ed-ad9d-46f6-9e18-c411d28a00d0/screenshot 200 572 ms - 1354716
[38;5;0m[HTTP][0m 
[38;5;0m[HTTP][0m [37m-->[39m [37mPOST[39m [37m/wd/hub/session/bf79b7ed-ad9d-46f6-9e18-c411d28a00d0/elements[39m
[38;5;0m[HTTP][0m {"using":"xpath","value":"//*[@class = 'android.widget.TextView' and @resource-id = 'com.solodroid.solomerce:id/cart' and (@text = '' or . = '')]"}
[38;5;0m[HTTP][0m <-- POST /wd/hub/session/bf79b7ed-ad9d-46f6-9e18-c411d28a00d0/elements 200 120 ms - 139
[38;5;0m[HTTP][0m 
[38;5;0m[HTTP][0m [37m-->[39m [37mGET[39m [37m/wd/hub/session/bf79b7ed-ad9d-46f6-9e18-c411d28a00d0/window/rect[39m
[38;5;0m[HTTP][0m {}
[38;5;0m[HTTP][0m <-- GET /wd/hub/session/bf79b7ed-ad9d-46f6-9e18-c411d28a00d0/window/rect 200 4 ms - 50
[38;5;0m[HTTP][0m 
[38;5;0m[HTTP][0m [37m-->[39m [37mPOST[39m [37m/wd/hub/session/bf79b7ed-ad9d-46f6-9e18-c411d28a00d0/elements[39m
[38;5;0m[HTTP][0m {"using":"xpath","value":"//*[@class = 'android.widget.TextView' and @resource-id = 'com.solodroid.solomerce:id/cart' and (@text = '' or . = '')]"}
[38;5;0m[HTTP][0m <-- POST /wd/hub/session/bf79b7ed-ad9d-46f6-9e18-c411d28a00d0/elements 200 51 ms - 139
[38;5;0m[HTTP][0m 
[38;5;0m[HTTP][0m [37m-->[39m [37mGET[39m [37m/wd/hub/session/bf79b7ed-ad9d-46f6-9e18-c411d28a00d0/element/00000000-0000-0074-ffff-ffff000000e2/location[39m
[38;5;0m[HTTP][0m {}
[38;5;48m[AndroidUiautomator2Driver@c507 (bf79b7ed)][0m Driver proxy active, passing request on via HTTP proxy
[38;5;48m[AndroidUiautomator2Driver@c507 (bf79b7ed)][0m Replacing sessionId 68447af7-2f55-4e53-ba1f-9dd85293de29 with bf79b7ed-ad9d-46f6-9e18-c411d28a00d0
[38;5;0m[HTTP][0m <-- GET /wd/hub/session/bf79b7ed-ad9d-46f6-9e18-c411d28a00d0/element/00000000-0000-0074-ffff-ffff000000e2/location 200 7 ms - 77
[38;5;0m[HTTP][0m 
[38;5;0m[HTTP][0m [37m-->[39m [37mPOST[39m [37m/wd/hub/session/bf79b7ed-ad9d-46f6-9e18-c411d28a00d0/element/00000000-0000-0074-ffff-ffff000000e2/click[39m
[38;5;0m[HTTP][0m {"id":"00000000-0000-0074-ffff-ffff000000e2"}
[38;5;0m[HTTP][0m <-- POST /wd/hub/session/bf79b7ed-ad9d-46f6-9e18-c411d28a00d0/element/00000000-0000-0074-ffff-ffff000000e2/click 200 70 ms - 14
[38;5;0m[HTTP][0m 
[38;5;0m[HTTP][0m [37m-->[39m [37mGET[39m [37m/wd/hub/session/bf79b7ed-ad9d-46f6-9e18-c411d28a00d0/source[39m
[38;5;0m[HTTP][0m {}
[38;5;48m[AndroidUiautomator2Driver@c507 (bf79b7ed)][0m Driver proxy active, passing request on via HTTP proxy
[38;5;48m[AndroidUiautomator2Driver@c507 (bf79b7ed)][0m Replacing sessionId 68447af7-2f55-4e53-ba1f-9dd85293de29 with bf79b7ed-ad9d-46f6-9e18-c411d28a00d0
[38;5;0m[HTTP][0m <-- GET /wd/hub/session/bf79b7ed-ad9d-46f6-9e18-c411d28a00d0/source 200 927 ms - 16053
[38;5;0m[HTTP][0m 
[38;5;0m[HTTP][0m [37m-->[39m [37mGET[39m [37m/wd/hub/session/bf79b7ed-ad9d-46f6-9e18-c411d28a00d0/screenshot[39m
[38;5;0m[HTTP][0m {}
[38;5;0m[HTTP][0m <-- GET /wd/hub/session/bf79b7ed-ad9d-46f6-9e18-c411d28a00d0/screenshot 200 210 ms - 158484
[38;5;0m[HTTP][0m 
[38;5;0m[HTTP][0m [37m-->[39m [37mPOST[39m [37m/wd/hub/session/bf79b7ed-ad9d-46f6-9e18-c411d28a00d0/elements[39m
[38;5;0m[HTTP][0m {"using":"xpath","value":"//*[@class = 'android.widget.TextView' and @resource-id = 'com.solodroid.solomerce:id/clear' and (@text = '' or . = '')]"}
[38;5;0m[HTTP][0m <-- POST /wd/hub/session/bf79b7ed-ad9d-46f6-9e18-c411d28a00d0/elements 200 108 ms - 139
[38;5;0m[HTTP][0m 
[38;5;0m[HTTP][0m [37m-->[39m [37mGET[39m [37m/wd/hub/session/bf79b7ed-ad9d-46f6-9e18-c411d28a00d0/window/rect[39m
[38;5;0m[HTTP][0m {}
[38;5;0m[HTTP][0m <-- GET /wd/hub/session/bf79b7ed-ad9d-46f6-9e18-c411d28a00d0/window/rect 200 4 ms - 50
[38;5;0m[HTTP][0m 
[38;5;0m[HTTP][0m [37m-->[39m [37mPOST[39m [37m/wd/hub/session/bf79b7ed-ad9d-46f6-9e18-c411d28a00d0/elements[39m
[38;5;0m[HTTP][0m {"using":"xpath","value":"//*[@class = 'android.widget.TextView' and @resource-id = 'com.solodroid.solomerce:id/clear' and (@text = '' or . = '')]"}
[38;5;0m[HTTP][0m <-- POST /wd/hub/session/bf79b7ed-ad9d-46f6-9e18-c411d28a00d0/elements 200 56 ms - 139
[38;5;0m[HTTP][0m 
[38;5;0m[HTTP][0m [37m-->[39m [37mGET[39m [37m/wd/hub/session/bf79b7ed-ad9d-46f6-9e18-c411d28a00d0/element/00000000-0000-0077-ffff-ffff0000011a/location[39m
[38;5;0m[HTTP][0m {}
[38;5;48m[AndroidUiautomator2Driver@c507 (bf79b7ed)][0m Driver proxy active, passing request on via HTTP proxy
[38;5;48m[AndroidUiautomator2Driver@c507 (bf79b7ed)][0m Replacing sessionId 68447af7-2f55-4e53-ba1f-9dd85293de29 with bf79b7ed-ad9d-46f6-9e18-c411d28a00d0
[38;5;0m[HTTP][0m <-- GET /wd/hub/session/bf79b7ed-ad9d-46f6-9e18-c411d28a00d0/element/00000000-0000-0077-ffff-ffff0000011a/location 200 5 ms - 77
[38;5;0m[HTTP][0m 
[38;5;0m[HTTP][0m [37m-->[39m [37mPOST[39m [37m/wd/hub/session/bf79b7ed-ad9d-46f6-9e18-c411d28a00d0/element/00000000-0000-0077-ffff-ffff0000011a/click[39m
[38;5;0m[HTTP][0m {"id":"00000000-0000-0077-ffff-ffff0000011a"}
[38;5;0m[HTTP][0m <-- POST /wd/hub/session/bf79b7ed-ad9d-46f6-9e18-c411d28a00d0/element/00000000-0000-0077-ffff-ffff0000011a/click 200 991 ms - 14
[38;5;0m[HTTP][0m 
[38;5;0m[HTTP][0m [37m-->[39m [37mGET[39m [37m/wd/hub/session/bf79b7ed-ad9d-46f6-9e18-c411d28a00d0/source[39m
[38;5;0m[HTTP][0m {}
[38;5;48m[AndroidUiautomator2Driver@c507 (bf79b7ed)][0m Driver proxy active, passing request on via HTTP proxy
[38;5;48m[AndroidUiautomator2Driver@c507 (bf79b7ed)][0m Replacing sessionId 68447af7-2f55-4e53-ba1f-9dd85293de29 with bf79b7ed-ad9d-46f6-9e18-c411d28a00d0
[38;5;0m[HTTP][0m <-- GET /wd/hub/session/bf79b7ed-ad9d-46f6-9e18-c411d28a00d0/source 200 34 ms - 7331
[38;5;0m[HTTP][0m 
[38;5;0m[HTTP][0m [37m-->[39m [37mGET[39m [37m/wd/hub/session/bf79b7ed-ad9d-46f6-9e18-c411d28a00d0/screenshot[39m
[38;5;0m[HTTP][0m {}
[38;5;0m[HTTP][0m <-- GET /wd/hub/session/bf79b7ed-ad9d-46f6-9e18-c411d28a00d0/screenshot 200 249 ms - 165516
[38;5;0m[HTTP][0m 
[38;5;0m[HTTP][0m [37m-->[39m [37mGET[39m [37m/wd/hub/session/bf79b7ed-ad9d-46f6-9e18-c411d28a00d0/window/rect[39m
[38;5;0m[HTTP][0m {}
[38;5;0m[HTTP][0m <-- GET /wd/hub/session/bf79b7ed-ad9d-46f6-9e18-c411d28a00d0/window/rect 200 19 ms - 50
[38;5;0m[HTTP][0m 
[38;5;0m[HTTP][0m [37m-->[39m [37mPOST[39m [37m/wd/hub/session/bf79b7ed-ad9d-46f6-9e18-c411d28a00d0/elements[39m
[38;5;0m[HTTP][0m {"using":"xpath","value":"//*[@class = 'android.widget.Button' and (@text = 'ADD' or . = 'ADD') and @resource-id = 'android:id/button1']"}
[38;5;0m[HTTP][0m <-- POST /wd/hub/session/bf79b7ed-ad9d-46f6-9e18-c411d28a00d0/elements 200 60023 ms - 12
[38;5;0m[HTTP][0m 
[38;5;0m[HTTP][0m [37m-->[39m [37mGET[39m [37m/wd/hub/session/bf79b7ed-ad9d-46f6-9e18-c411d28a00d0/window/rect[39m
[38;5;0m[HTTP][0m {}
[38;5;0m[HTTP][0m <-- GET /wd/hub/session/bf79b7ed-ad9d-46f6-9e18-c411d28a00d0/window/rect 200 59 ms - 50
[38;5;0m[HTTP][0m 
[38;5;0m[HTTP][0m [37m-->[39m [37mPOST[39m [37m/wd/hub/session/bf79b7ed-ad9d-46f6-9e18-c411d28a00d0/elements[39m
[38;5;0m[HTTP][0m {"using":"xpath","value":"//*[@class = 'android.widget.Button' and (@text = 'ADD' or . = 'ADD') and @resource-id = 'android:id/button1']"}
[38;5;0m[HTTP][0m <-- POST /wd/hub/session/bf79b7ed-ad9d-46f6-9e18-c411d28a00d0/elements 200 60111 ms - 12
[38;5;0m[HTTP][0m 
[38;5;0m[HTTP][0m [37m-->[39m [37mPOST[39m [37m/wd/hub/session/bf79b7ed-ad9d-46f6-9e18-c411d28a00d0/elements[39m
[38;5;0m[HTTP][0m {"using":"xpath","value":"//*[@class = 'android.widget.Button' and (@text = 'NO' or . = 'NO') and @resource-id = 'android:id/button2']"}
[38;5;0m[HTTP][0m <-- POST /wd/hub/session/bf79b7ed-ad9d-46f6-9e18-c411d28a00d0/elements 200 138 ms - 139
[38;5;0m[HTTP][0m 
[38;5;0m[HTTP][0m [37m-->[39m [37mGET[39m [37m/wd/hub/session/bf79b7ed-ad9d-46f6-9e18-c411d28a00d0/window/rect[39m
[38;5;0m[HTTP][0m {}
[38;5;0m[HTTP][0m <-- GET /wd/hub/session/bf79b7ed-ad9d-46f6-9e18-c411d28a00d0/window/rect 200 12 ms - 50
[38;5;0m[HTTP][0m 
[38;5;0m[HTTP][0m [37m-->[39m [37mPOST[39m [37m/wd/hub/session/bf79b7ed-ad9d-46f6-9e18-c411d28a00d0/elements[39m
[38;5;0m[HTTP][0m {"using":"xpath","value":"//*[@class = 'android.widget.Button' and (@text = 'NO' or . = 'NO') and @resource-id = 'android:id/button2']"}
[38;5;0m[HTTP][0m <-- POST /wd/hub/session/bf79b7ed-ad9d-46f6-9e18-c411d28a00d0/elements 200 138 ms - 139
[38;5;0m[HTTP][0m 
[38;5;0m[HTTP][0m [37m-->[39m [37mGET[39m [37m/wd/hub/session/bf79b7ed-ad9d-46f6-9e18-c411d28a00d0/element/00000000-0000-0078-ffff-ffff0000013b/location[39m
[38;5;0m[HTTP][0m {}
[38;5;48m[AndroidUiautomator2Driver@c507 (bf79b7ed)][0m Driver proxy active, passing request on via HTTP proxy
[38;5;48m[AndroidUiautomator2Driver@c507 (bf79b7ed)][0m Replacing sessionId 68447af7-2f55-4e53-ba1f-9dd85293de29 with bf79b7ed-ad9d-46f6-9e18-c411d28a00d0
[38;5;0m[HTTP][0m <-- GET /wd/hub/session/bf79b7ed-ad9d-46f6-9e18-c411d28a00d0/element/00000000-0000-0078-ffff-ffff0000013b/location 200 18 ms - 79
[38;5;0m[HTTP][0m 
[38;5;0m[HTTP][0m [37m-->[39m [37mPOST[39m [37m/wd/hub/session/bf79b7ed-ad9d-46f6-9e18-c411d28a00d0/element/00000000-0000-0078-ffff-ffff0000013b/click[39m
[38;5;0m[HTTP][0m {"id":"00000000-0000-0078-ffff-ffff0000013b"}
[38;5;0m[HTTP][0m <-- POST /wd/hub/session/bf79b7ed-ad9d-46f6-9e18-c411d28a00d0/element/00000000-0000-0078-ffff-ffff0000013b/click 200 199 ms - 14
[38;5;0m[HTTP][0m 
[38;5;0m[HTTP][0m [37m-->[39m [37mGET[39m [37m/wd/hub/session/bf79b7ed-ad9d-46f6-9e18-c411d28a00d0/source[39m
[38;5;0m[HTTP][0m {}
[38;5;48m[AndroidUiautomator2Driver@c507 (bf79b7ed)][0m Driver proxy active, passing request on via HTTP proxy
[38;5;48m[AndroidUiautomator2Driver@c507 (bf79b7ed)][0m Replacing sessionId 68447af7-2f55-4e53-ba1f-9dd85293de29 with bf79b7ed-ad9d-46f6-9e18-c411d28a00d0
[38;5;0m[HTTP][0m <-- GET /wd/hub/session/bf79b7ed-ad9d-46f6-9e18-c411d28a00d0/source 200 196 ms - 16053
[38;5;0m[HTTP][0m 
[38;5;0m[HTTP][0m [37m-->[39m [37mGET[39m [37m/wd/hub/session/bf79b7ed-ad9d-46f6-9e18-c411d28a00d0/screenshot[39m
[38;5;0m[HTTP][0m {}
[38;5;0m[HTTP][0m <-- GET /wd/hub/session/bf79b7ed-ad9d-46f6-9e18-c411d28a00d0/screenshot 200 322 ms - 158880
[38;5;0m[HTTP][0m 
[38;5;0m[HTTP][0m [37m-->[39m [37mDELETE[39m [37m/wd/hub/session/bf79b7ed-ad9d-46f6-9e18-c411d28a00d0[39m
[38;5;0m[HTTP][0m {}
[38;5;16m[AppiumDriver@7e69][0m Removing session bf79b7ed-ad9d-46f6-9e18-c411d28a00d0 from our master session list
[38;5;48m[AndroidUiautomator2Driver@c507 (bf79b7ed)][0m Restoring hidden api policy to the device default configuration
[38;5;0m[HTTP][0m <-- DELETE /wd/hub/session/bf79b7ed-ad9d-46f6-9e18-c411d28a00d0 200 797 ms - 14
[38;5;0m[HTTP][0m 
[Appium] Received SIGTERM - shutting down
[38;5;0m[HTTP][0m Waiting until the server is closed
[38;5;0m[HTTP][0m Received server close event
